##################### [Job started] #####################
Sat Oct 18 01:16:25 2025       
+-----------------------------------------------------------------------------------------+
| NVIDIA-SMI 580.82.07              Driver Version: 580.82.07      CUDA Version: 13.0     |
+-----------------------------------------+------------------------+----------------------+
| GPU  Name                 Persistence-M | Bus-Id          Disp.A | Volatile Uncorr. ECC |
| Fan  Temp   Perf          Pwr:Usage/Cap |           Memory-Usage | GPU-Util  Compute M. |
|                                         |                        |               MIG M. |
|=========================================+========================+======================|
|   0  NVIDIA GeForce RTX 5060 Ti     On  |   00000000:04:00.0 Off |                  N/A |
|  0%   28C    P8              8W /  180W |       2MiB /  16311MiB |      0%      Default |
|                                         |                        |                  N/A |
+-----------------------------------------+------------------------+----------------------+

+-----------------------------------------------------------------------------------------+
| Processes:                                                                              |
|  GPU   GI   CI              PID   Type   Process name                        GPU Memory |
|        ID   ID                                                               Usage      |
|=========================================================================================|
|  No running processes found                                                             |
+-----------------------------------------------------------------------------------------+
##################### [activating conda environmern] #####################
no change     /work/courses/dslab/team20/miniconda3/condabin/conda
no change     /work/courses/dslab/team20/miniconda3/bin/conda
no change     /work/courses/dslab/team20/miniconda3/bin/conda-env
no change     /work/courses/dslab/team20/miniconda3/bin/activate
no change     /work/courses/dslab/team20/miniconda3/bin/deactivate
no change     /work/courses/dslab/team20/miniconda3/etc/profile.d/conda.sh
no change     /work/courses/dslab/team20/miniconda3/etc/fish/conf.d/conda.fish
no change     /work/courses/dslab/team20/miniconda3/shell/condabin/Conda.psm1
no change     /work/courses/dslab/team20/miniconda3/shell/condabin/conda-hook.ps1
no change     /work/courses/dslab/team20/miniconda3/lib/python3.13/site-packages/xontrib/conda.xsh
no change     /work/courses/dslab/team20/miniconda3/etc/profile.d/conda.csh
no change     /home/rbollati/.bashrc
No action taken.
load cuda module
load gcc
Using nvcc at: /cluster/data/cuda/12.8.1/bin/nvcc
nvcc: NVIDIA (R) Cuda compiler driver
Copyright (c) 2005-2025 NVIDIA Corporation
Built on Fri_Feb_21_20:23:50_PST_2025
Cuda compilation tools, release 12.8, V12.8.93
Build cuda_12.8.r12.8/compiler.35583870_0
CUDA_HOME: /cluster/data/cuda/12.8.1
sanity check
Torch: 2.10.0.dev20251017+cu128 CUDA: 12.8 avail: True
Device: NVIDIA GeForce RTX 5060 Ti CC: (12, 0)
TCNN_CUDA_ARCHITECTURES: 120
tinycudann import OK
build cuda backend
Using pip 25.2 from /work/courses/dslab/team20/miniconda3/envs/ns50/lib/python3.10/site-packages/pip (python 3.10)
Collecting git+https://github.com/SuLvXiangXin/zipnerf-pytorch#subdirectory=extensions/cuda
  Cloning https://github.com/SuLvXiangXin/zipnerf-pytorch to /tmp/pip-req-build-x5qg_8f8
  Resolved https://github.com/SuLvXiangXin/zipnerf-pytorch to commit e081caeb81473fac6f057ceb2e560207b4ba5112
  Preparing metadata (setup.py): started
  Preparing metadata (setup.py): finished with status 'done'
Building wheels for collected packages: cuda_backend
  Building wheel for cuda_backend (setup.py): started
  Building wheel for cuda_backend (setup.py): finished with status 'error'
  Running setup.py clean for cuda_backend
Failed to build cuda_backend
Using pip 25.2 from /work/courses/dslab/team20/miniconda3/envs/ns50/lib/python3.10/site-packages/pip (python 3.10)
Collecting git+https://github.com/SuLvXiangXin/zipnerf-pytorch
  Cloning https://github.com/SuLvXiangXin/zipnerf-pytorch to /tmp/pip-req-build-c3ah8m3y
  Resolved https://github.com/SuLvXiangXin/zipnerf-pytorch to commit e081caeb81473fac6f057ceb2e560207b4ba5112
  Installing build dependencies: started
  Installing build dependencies: finished with status 'done'
  Getting requirements to build wheel: started
  Getting requirements to build wheel: finished with status 'done'
  Preparing metadata (pyproject.toml): started
  Preparing metadata (pyproject.toml): finished with status 'done'
Requirement already satisfied: nerfstudio>=0.3.0 in /work/courses/dslab/team20/miniconda3/envs/ns50/lib/python3.10/site-packages (from zipnerf==0.1.0) (1.1.5)
Requirement already satisfied: numpy in /work/courses/dslab/team20/miniconda3/envs/ns50/lib/python3.10/site-packages (from zipnerf==0.1.0) (1.26.4)
Requirement already satisfied: torch in /work/courses/dslab/team20/miniconda3/envs/ns50/lib/python3.10/site-packages (from zipnerf==0.1.0) (2.10.0.dev20251017+cu128)
Requirement already satisfied: absl-py in /work/courses/dslab/team20/miniconda3/envs/ns50/lib/python3.10/site-packages (from zipnerf==0.1.0) (2.3.1)
Requirement already satisfied: accelerate in /work/courses/dslab/team20/miniconda3/envs/ns50/lib/python3.10/site-packages (from zipnerf==0.1.0) (1.10.1)
Requirement already satisfied: gin-config in /work/courses/dslab/team20/miniconda3/envs/ns50/lib/python3.10/site-packages (from zipnerf==0.1.0) (0.5.0)
Requirement already satisfied: imageio in /work/courses/dslab/team20/miniconda3/envs/ns50/lib/python3.10/site-packages (from zipnerf==0.1.0) (2.37.0)
Requirement already satisfied: matplotlib in /work/courses/dslab/team20/miniconda3/envs/ns50/lib/python3.10/site-packages (from zipnerf==0.1.0) (3.10.7)
Requirement already satisfied: mediapy in /work/courses/dslab/team20/miniconda3/envs/ns50/lib/python3.10/site-packages (from zipnerf==0.1.0) (1.2.4)
Requirement already satisfied: opencv-contrib-python in /work/courses/dslab/team20/miniconda3/envs/ns50/lib/python3.10/site-packages (from zipnerf==0.1.0) (4.11.0.86)
Requirement already satisfied: opencv-python in /work/courses/dslab/team20/miniconda3/envs/ns50/lib/python3.10/site-packages (from zipnerf==0.1.0) (4.11.0.86)
Requirement already satisfied: Pillow in /work/courses/dslab/team20/miniconda3/envs/ns50/lib/python3.10/site-packages (from zipnerf==0.1.0) (12.0.0)
Requirement already satisfied: trimesh in /work/courses/dslab/team20/miniconda3/envs/ns50/lib/python3.10/site-packages (from zipnerf==0.1.0) (4.8.3)
Requirement already satisfied: pymeshlab in /work/courses/dslab/team20/miniconda3/envs/ns50/lib/python3.10/site-packages (from zipnerf==0.1.0) (2025.7)
Requirement already satisfied: xatlas in /work/courses/dslab/team20/miniconda3/envs/ns50/lib/python3.10/site-packages (from zipnerf==0.1.0) (0.0.11)
Requirement already satisfied: plyfile in /work/courses/dslab/team20/miniconda3/envs/ns50/lib/python3.10/site-packages (from zipnerf==0.1.0) (1.1.2)
Requirement already satisfied: rawpy in /work/courses/dslab/team20/miniconda3/envs/ns50/lib/python3.10/site-packages (from zipnerf==0.1.0) (0.25.1)
Requirement already satisfied: ninja in /work/courses/dslab/team20/miniconda3/envs/ns50/lib/python3.10/site-packages (from zipnerf==0.1.0) (1.13.0)
Requirement already satisfied: scipy in /work/courses/dslab/team20/miniconda3/envs/ns50/lib/python3.10/site-packages (from zipnerf==0.1.0) (1.15.3)
Requirement already satisfied: scikit-image in /work/courses/dslab/team20/miniconda3/envs/ns50/lib/python3.10/site-packages (from zipnerf==0.1.0) (0.25.2)
Requirement already satisfied: scikit-learn in /work/courses/dslab/team20/miniconda3/envs/ns50/lib/python3.10/site-packages (from zipnerf==0.1.0) (1.7.2)
Requirement already satisfied: tensorboard in /work/courses/dslab/team20/miniconda3/envs/ns50/lib/python3.10/site-packages (from zipnerf==0.1.0) (2.20.0)
Requirement already satisfied: tensorboardX in /work/courses/dslab/team20/miniconda3/envs/ns50/lib/python3.10/site-packages (from zipnerf==0.1.0) (2.6.4)
Requirement already satisfied: tqdm in /work/courses/dslab/team20/miniconda3/envs/ns50/lib/python3.10/site-packages (from zipnerf==0.1.0) (4.67.1)
Requirement already satisfied: appdirs>=1.4 in /work/courses/dslab/team20/miniconda3/envs/ns50/lib/python3.10/site-packages (from nerfstudio>=0.3.0->zipnerf==0.1.0) (1.4.4)
Requirement already satisfied: av>=9.2.0 in /work/courses/dslab/team20/miniconda3/envs/ns50/lib/python3.10/site-packages (from nerfstudio>=0.3.0->zipnerf==0.1.0) (16.0.1)
Requirement already satisfied: comet-ml>=3.33.8 in /work/courses/dslab/team20/miniconda3/envs/ns50/lib/python3.10/site-packages (from nerfstudio>=0.3.0->zipnerf==0.1.0) (3.53.2)
Requirement already satisfied: cryptography>=38 in /work/courses/dslab/team20/miniconda3/envs/ns50/lib/python3.10/site-packages (from nerfstudio>=0.3.0->zipnerf==0.1.0) (46.0.3)
Requirement already satisfied: tyro>=0.6.6 in /work/courses/dslab/team20/miniconda3/envs/ns50/lib/python3.10/site-packages (from nerfstudio>=0.3.0->zipnerf==0.1.0) (0.9.3)
Requirement already satisfied: gdown>=4.6.0 in /work/courses/dslab/team20/miniconda3/envs/ns50/lib/python3.10/site-packages (from nerfstudio>=0.3.0->zipnerf==0.1.0) (5.2.0)
Requirement already satisfied: h5py>=2.9.0 in /work/courses/dslab/team20/miniconda3/envs/ns50/lib/python3.10/site-packages (from nerfstudio>=0.3.0->zipnerf==0.1.0) (3.15.1)
Requirement already satisfied: ipywidgets>=7.6 in /work/courses/dslab/team20/miniconda3/envs/ns50/lib/python3.10/site-packages (from nerfstudio>=0.3.0->zipnerf==0.1.0) (8.1.7)
Requirement already satisfied: jaxtyping>=0.2.15 in /work/courses/dslab/team20/miniconda3/envs/ns50/lib/python3.10/site-packages (from nerfstudio>=0.3.0->zipnerf==0.1.0) (0.3.3)
Requirement already satisfied: jupyterlab>=3.3.4 in /work/courses/dslab/team20/miniconda3/envs/ns50/lib/python3.10/site-packages (from nerfstudio>=0.3.0->zipnerf==0.1.0) (4.4.9)
Requirement already satisfied: msgpack>=1.0.4 in /work/courses/dslab/team20/miniconda3/envs/ns50/lib/python3.10/site-packages (from nerfstudio>=0.3.0->zipnerf==0.1.0) (1.1.2)
Requirement already satisfied: msgpack-numpy>=0.4.8 in /work/courses/dslab/team20/miniconda3/envs/ns50/lib/python3.10/site-packages (from nerfstudio>=0.3.0->zipnerf==0.1.0) (0.4.8)
Requirement already satisfied: nerfacc==0.5.2 in /work/courses/dslab/team20/miniconda3/envs/ns50/lib/python3.10/site-packages (from nerfstudio>=0.3.0->zipnerf==0.1.0) (0.5.2)
Requirement already satisfied: open3d>=0.16.0 in /work/courses/dslab/team20/miniconda3/envs/ns50/lib/python3.10/site-packages (from nerfstudio>=0.3.0->zipnerf==0.1.0) (0.19.0)
Requirement already satisfied: opencv-python-headless==4.10.0.84 in /work/courses/dslab/team20/miniconda3/envs/ns50/lib/python3.10/site-packages (from nerfstudio>=0.3.0->zipnerf==0.1.0) (4.10.0.84)
Requirement already satisfied: plotly>=5.7.0 in /work/courses/dslab/team20/miniconda3/envs/ns50/lib/python3.10/site-packages (from nerfstudio>=0.3.0->zipnerf==0.1.0) (6.3.1)
Requirement already satisfied: protobuf!=3.20.0,<=3.20.3 in /work/courses/dslab/team20/miniconda3/envs/ns50/lib/python3.10/site-packages (from nerfstudio>=0.3.0->zipnerf==0.1.0) (3.20.3)
Requirement already satisfied: pyngrok>=5.1.0 in /work/courses/dslab/team20/miniconda3/envs/ns50/lib/python3.10/site-packages (from nerfstudio>=0.3.0->zipnerf==0.1.0) (7.4.0)
Requirement already satisfied: python-socketio>=5.7.1 in /work/courses/dslab/team20/miniconda3/envs/ns50/lib/python3.10/site-packages (from nerfstudio>=0.3.0->zipnerf==0.1.0) (5.14.2)
Requirement already satisfied: pyquaternion>=0.9.9 in /work/courses/dslab/team20/miniconda3/envs/ns50/lib/python3.10/site-packages (from nerfstudio>=0.3.0->zipnerf==0.1.0) (0.9.9)
Requirement already satisfied: requests in /work/courses/dslab/team20/miniconda3/envs/ns50/lib/python3.10/site-packages (from nerfstudio>=0.3.0->zipnerf==0.1.0) (2.32.5)
Requirement already satisfied: rich>=12.5.1 in /work/courses/dslab/team20/miniconda3/envs/ns50/lib/python3.10/site-packages (from nerfstudio>=0.3.0->zipnerf==0.1.0) (14.2.0)
Requirement already satisfied: splines==0.3.0 in /work/courses/dslab/team20/miniconda3/envs/ns50/lib/python3.10/site-packages (from nerfstudio>=0.3.0->zipnerf==0.1.0) (0.3.0)
Requirement already satisfied: torchvision>=0.14.1 in /work/courses/dslab/team20/miniconda3/envs/ns50/lib/python3.10/site-packages (from nerfstudio>=0.3.0->zipnerf==0.1.0) (0.25.0.dev20251017+cu128)
Requirement already satisfied: torchmetrics>=1.0.1 in /work/courses/dslab/team20/miniconda3/envs/ns50/lib/python3.10/site-packages (from torchmetrics[image]>=1.0.1->nerfstudio>=0.3.0->zipnerf==0.1.0) (1.8.2)
Requirement already satisfied: typing-extensions>=4.4.0 in /work/courses/dslab/team20/miniconda3/envs/ns50/lib/python3.10/site-packages (from nerfstudio>=0.3.0->zipnerf==0.1.0) (4.15.0)
Requirement already satisfied: viser==0.2.7 in /work/courses/dslab/team20/miniconda3/envs/ns50/lib/python3.10/site-packages (from nerfstudio>=0.3.0->zipnerf==0.1.0) (0.2.7)
Requirement already satisfied: nuscenes-devkit>=1.1.1 in /work/courses/dslab/team20/miniconda3/envs/ns50/lib/python3.10/site-packages (from nerfstudio>=0.3.0->zipnerf==0.1.0) (1.2.0)
Requirement already satisfied: wandb>=0.13.3 in /work/courses/dslab/team20/miniconda3/envs/ns50/lib/python3.10/site-packages (from nerfstudio>=0.3.0->zipnerf==0.1.0) (0.22.2)
Requirement already satisfied: timm==0.6.7 in /work/courses/dslab/team20/miniconda3/envs/ns50/lib/python3.10/site-packages (from nerfstudio>=0.3.0->zipnerf==0.1.0) (0.6.7)
Requirement already satisfied: gsplat==1.4.0 in /work/courses/dslab/team20/miniconda3/envs/ns50/lib/python3.10/site-packages (from nerfstudio>=0.3.0->zipnerf==0.1.0) (1.4.0)
Requirement already satisfied: pytorch-msssim in /work/courses/dslab/team20/miniconda3/envs/ns50/lib/python3.10/site-packages (from nerfstudio>=0.3.0->zipnerf==0.1.0) (1.0.0)
Requirement already satisfied: pathos in /work/courses/dslab/team20/miniconda3/envs/ns50/lib/python3.10/site-packages (from nerfstudio>=0.3.0->zipnerf==0.1.0) (0.3.4)
Requirement already satisfied: packaging in /work/courses/dslab/team20/miniconda3/envs/ns50/lib/python3.10/site-packages (from nerfstudio>=0.3.0->zipnerf==0.1.0) (25.0)
Requirement already satisfied: fpsample in /work/courses/dslab/team20/miniconda3/envs/ns50/lib/python3.10/site-packages (from nerfstudio>=0.3.0->zipnerf==0.1.0) (0.3.3)
Requirement already satisfied: tensorly in /work/courses/dslab/team20/miniconda3/envs/ns50/lib/python3.10/site-packages (from nerfstudio>=0.3.0->zipnerf==0.1.0) (0.9.0)
Requirement already satisfied: websockets>=10.4 in /work/courses/dslab/team20/miniconda3/envs/ns50/lib/python3.10/site-packages (from viser==0.2.7->nerfstudio>=0.3.0->zipnerf==0.1.0) (15.0.1)
Requirement already satisfied: msgspec>=0.18.6 in /work/courses/dslab/team20/miniconda3/envs/ns50/lib/python3.10/site-packages (from viser==0.2.7->nerfstudio>=0.3.0->zipnerf==0.1.0) (0.19.0)
Requirement already satisfied: nodeenv>=1.8.0 in /work/courses/dslab/team20/miniconda3/envs/ns50/lib/python3.10/site-packages (from viser==0.2.7->nerfstudio>=0.3.0->zipnerf==0.1.0) (1.9.1)
Requirement already satisfied: psutil>=5.9.5 in /work/courses/dslab/team20/miniconda3/envs/ns50/lib/python3.10/site-packages (from viser==0.2.7->nerfstudio>=0.3.0->zipnerf==0.1.0) (7.1.0)
Requirement already satisfied: yourdfpy>=0.0.53 in /work/courses/dslab/team20/miniconda3/envs/ns50/lib/python3.10/site-packages (from viser==0.2.7->nerfstudio>=0.3.0->zipnerf==0.1.0) (0.0.58)
Requirement already satisfied: pyliblzfse>=0.4.1 in /work/courses/dslab/team20/miniconda3/envs/ns50/lib/python3.10/site-packages (from viser==0.2.7->nerfstudio>=0.3.0->zipnerf==0.1.0) (0.4.1)
Requirement already satisfied: dulwich!=0.20.33,>=0.20.6 in /work/courses/dslab/team20/miniconda3/envs/ns50/lib/python3.10/site-packages (from comet-ml>=3.33.8->nerfstudio>=0.3.0->zipnerf==0.1.0) (0.24.5)
Requirement already satisfied: everett<3.2.0,>=1.0.1 in /work/courses/dslab/team20/miniconda3/envs/ns50/lib/python3.10/site-packages (from everett[ini]<3.2.0,>=1.0.1->comet-ml>=3.33.8->nerfstudio>=0.3.0->zipnerf==0.1.0) (3.1.0)
Requirement already satisfied: jsonschema!=3.1.0,>=2.6.0 in /work/courses/dslab/team20/miniconda3/envs/ns50/lib/python3.10/site-packages (from comet-ml>=3.33.8->nerfstudio>=0.3.0->zipnerf==0.1.0) (4.25.1)
Requirement already satisfied: python-box<7.0.0 in /work/courses/dslab/team20/miniconda3/envs/ns50/lib/python3.10/site-packages (from comet-ml>=3.33.8->nerfstudio>=0.3.0->zipnerf==0.1.0) (6.1.0)
Requirement already satisfied: requests-toolbelt>=0.8.0 in /work/courses/dslab/team20/miniconda3/envs/ns50/lib/python3.10/site-packages (from comet-ml>=3.33.8->nerfstudio>=0.3.0->zipnerf==0.1.0) (1.0.0)
Requirement already satisfied: semantic-version>=2.8.0 in /work/courses/dslab/team20/miniconda3/envs/ns50/lib/python3.10/site-packages (from comet-ml>=3.33.8->nerfstudio>=0.3.0->zipnerf==0.1.0) (2.10.0)
Requirement already satisfied: sentry-sdk>=1.1.0 in /work/courses/dslab/team20/miniconda3/envs/ns50/lib/python3.10/site-packages (from comet-ml>=3.33.8->nerfstudio>=0.3.0->zipnerf==0.1.0) (2.42.0)
Requirement already satisfied: simplejson in /work/courses/dslab/team20/miniconda3/envs/ns50/lib/python3.10/site-packages (from comet-ml>=3.33.8->nerfstudio>=0.3.0->zipnerf==0.1.0) (3.20.2)
Requirement already satisfied: urllib3>=1.26.8 in /work/courses/dslab/team20/miniconda3/envs/ns50/lib/python3.10/site-packages (from comet-ml>=3.33.8->nerfstudio>=0.3.0->zipnerf==0.1.0) (2.5.0)
Requirement already satisfied: wrapt>=1.11.2 in /work/courses/dslab/team20/miniconda3/envs/ns50/lib/python3.10/site-packages (from comet-ml>=3.33.8->nerfstudio>=0.3.0->zipnerf==0.1.0) (1.17.3)
Requirement already satisfied: wurlitzer>=1.0.2 in /work/courses/dslab/team20/miniconda3/envs/ns50/lib/python3.10/site-packages (from comet-ml>=3.33.8->nerfstudio>=0.3.0->zipnerf==0.1.0) (3.1.1)
Requirement already satisfied: configobj in /work/courses/dslab/team20/miniconda3/envs/ns50/lib/python3.10/site-packages (from everett[ini]<3.2.0,>=1.0.1->comet-ml>=3.33.8->nerfstudio>=0.3.0->zipnerf==0.1.0) (5.0.9)
Requirement already satisfied: cffi>=2.0.0 in /work/courses/dslab/team20/miniconda3/envs/ns50/lib/python3.10/site-packages (from cryptography>=38->nerfstudio>=0.3.0->zipnerf==0.1.0) (2.0.0)
Requirement already satisfied: pycparser in /work/courses/dslab/team20/miniconda3/envs/ns50/lib/python3.10/site-packages (from cffi>=2.0.0->cryptography>=38->nerfstudio>=0.3.0->zipnerf==0.1.0) (2.23)
Requirement already satisfied: beautifulsoup4 in /work/courses/dslab/team20/miniconda3/envs/ns50/lib/python3.10/site-packages (from gdown>=4.6.0->nerfstudio>=0.3.0->zipnerf==0.1.0) (4.14.2)
Requirement already satisfied: filelock in /work/courses/dslab/team20/miniconda3/envs/ns50/lib/python3.10/site-packages (from gdown>=4.6.0->nerfstudio>=0.3.0->zipnerf==0.1.0) (3.20.0)
Requirement already satisfied: comm>=0.1.3 in /work/courses/dslab/team20/miniconda3/envs/ns50/lib/python3.10/site-packages (from ipywidgets>=7.6->nerfstudio>=0.3.0->zipnerf==0.1.0) (0.2.3)
Requirement already satisfied: ipython>=6.1.0 in /work/courses/dslab/team20/miniconda3/envs/ns50/lib/python3.10/site-packages (from ipywidgets>=7.6->nerfstudio>=0.3.0->zipnerf==0.1.0) (8.37.0)
Requirement already satisfied: traitlets>=4.3.1 in /work/courses/dslab/team20/miniconda3/envs/ns50/lib/python3.10/site-packages (from ipywidgets>=7.6->nerfstudio>=0.3.0->zipnerf==0.1.0) (5.14.3)
Requirement already satisfied: widgetsnbextension~=4.0.14 in /work/courses/dslab/team20/miniconda3/envs/ns50/lib/python3.10/site-packages (from ipywidgets>=7.6->nerfstudio>=0.3.0->zipnerf==0.1.0) (4.0.14)
Requirement already satisfied: jupyterlab_widgets~=3.0.15 in /work/courses/dslab/team20/miniconda3/envs/ns50/lib/python3.10/site-packages (from ipywidgets>=7.6->nerfstudio>=0.3.0->zipnerf==0.1.0) (3.0.15)
Requirement already satisfied: decorator in /work/courses/dslab/team20/miniconda3/envs/ns50/lib/python3.10/site-packages (from ipython>=6.1.0->ipywidgets>=7.6->nerfstudio>=0.3.0->zipnerf==0.1.0) (5.2.1)
Requirement already satisfied: exceptiongroup in /work/courses/dslab/team20/miniconda3/envs/ns50/lib/python3.10/site-packages (from ipython>=6.1.0->ipywidgets>=7.6->nerfstudio>=0.3.0->zipnerf==0.1.0) (1.3.0)
Requirement already satisfied: jedi>=0.16 in /work/courses/dslab/team20/miniconda3/envs/ns50/lib/python3.10/site-packages (from ipython>=6.1.0->ipywidgets>=7.6->nerfstudio>=0.3.0->zipnerf==0.1.0) (0.19.2)
Requirement already satisfied: matplotlib-inline in /work/courses/dslab/team20/miniconda3/envs/ns50/lib/python3.10/site-packages (from ipython>=6.1.0->ipywidgets>=7.6->nerfstudio>=0.3.0->zipnerf==0.1.0) (0.1.7)
Requirement already satisfied: pexpect>4.3 in /work/courses/dslab/team20/miniconda3/envs/ns50/lib/python3.10/site-packages (from ipython>=6.1.0->ipywidgets>=7.6->nerfstudio>=0.3.0->zipnerf==0.1.0) (4.9.0)
Requirement already satisfied: prompt_toolkit<3.1.0,>=3.0.41 in /work/courses/dslab/team20/miniconda3/envs/ns50/lib/python3.10/site-packages (from ipython>=6.1.0->ipywidgets>=7.6->nerfstudio>=0.3.0->zipnerf==0.1.0) (3.0.52)
Requirement already satisfied: pygments>=2.4.0 in /work/courses/dslab/team20/miniconda3/envs/ns50/lib/python3.10/site-packages (from ipython>=6.1.0->ipywidgets>=7.6->nerfstudio>=0.3.0->zipnerf==0.1.0) (2.19.2)
Requirement already satisfied: stack_data in /work/courses/dslab/team20/miniconda3/envs/ns50/lib/python3.10/site-packages (from ipython>=6.1.0->ipywidgets>=7.6->nerfstudio>=0.3.0->zipnerf==0.1.0) (0.6.3)
Requirement already satisfied: wcwidth in /work/courses/dslab/team20/miniconda3/envs/ns50/lib/python3.10/site-packages (from prompt_toolkit<3.1.0,>=3.0.41->ipython>=6.1.0->ipywidgets>=7.6->nerfstudio>=0.3.0->zipnerf==0.1.0) (0.2.14)
Requirement already satisfied: wadler-lindig>=0.1.3 in /work/courses/dslab/team20/miniconda3/envs/ns50/lib/python3.10/site-packages (from jaxtyping>=0.2.15->nerfstudio>=0.3.0->zipnerf==0.1.0) (0.1.7)
Requirement already satisfied: parso<0.9.0,>=0.8.4 in /work/courses/dslab/team20/miniconda3/envs/ns50/lib/python3.10/site-packages (from jedi>=0.16->ipython>=6.1.0->ipywidgets>=7.6->nerfstudio>=0.3.0->zipnerf==0.1.0) (0.8.5)
Requirement already satisfied: attrs>=22.2.0 in /work/courses/dslab/team20/miniconda3/envs/ns50/lib/python3.10/site-packages (from jsonschema!=3.1.0,>=2.6.0->comet-ml>=3.33.8->nerfstudio>=0.3.0->zipnerf==0.1.0) (25.4.0)
Requirement already satisfied: jsonschema-specifications>=2023.03.6 in /work/courses/dslab/team20/miniconda3/envs/ns50/lib/python3.10/site-packages (from jsonschema!=3.1.0,>=2.6.0->comet-ml>=3.33.8->nerfstudio>=0.3.0->zipnerf==0.1.0) (2025.9.1)
Requirement already satisfied: referencing>=0.28.4 in /work/courses/dslab/team20/miniconda3/envs/ns50/lib/python3.10/site-packages (from jsonschema!=3.1.0,>=2.6.0->comet-ml>=3.33.8->nerfstudio>=0.3.0->zipnerf==0.1.0) (0.37.0)
Requirement already satisfied: rpds-py>=0.7.1 in /work/courses/dslab/team20/miniconda3/envs/ns50/lib/python3.10/site-packages (from jsonschema!=3.1.0,>=2.6.0->comet-ml>=3.33.8->nerfstudio>=0.3.0->zipnerf==0.1.0) (0.27.1)
Requirement already satisfied: async-lru>=1.0.0 in /work/courses/dslab/team20/miniconda3/envs/ns50/lib/python3.10/site-packages (from jupyterlab>=3.3.4->nerfstudio>=0.3.0->zipnerf==0.1.0) (2.0.5)
Requirement already satisfied: httpx<1,>=0.25.0 in /work/courses/dslab/team20/miniconda3/envs/ns50/lib/python3.10/site-packages (from jupyterlab>=3.3.4->nerfstudio>=0.3.0->zipnerf==0.1.0) (0.28.1)
Requirement already satisfied: ipykernel!=6.30.0,>=6.5.0 in /work/courses/dslab/team20/miniconda3/envs/ns50/lib/python3.10/site-packages (from jupyterlab>=3.3.4->nerfstudio>=0.3.0->zipnerf==0.1.0) (7.0.1)
Requirement already satisfied: jinja2>=3.0.3 in /work/courses/dslab/team20/miniconda3/envs/ns50/lib/python3.10/site-packages (from jupyterlab>=3.3.4->nerfstudio>=0.3.0->zipnerf==0.1.0) (3.1.6)
Requirement already satisfied: jupyter-core in /work/courses/dslab/team20/miniconda3/envs/ns50/lib/python3.10/site-packages (from jupyterlab>=3.3.4->nerfstudio>=0.3.0->zipnerf==0.1.0) (5.9.1)
Requirement already satisfied: jupyter-lsp>=2.0.0 in /work/courses/dslab/team20/miniconda3/envs/ns50/lib/python3.10/site-packages (from jupyterlab>=3.3.4->nerfstudio>=0.3.0->zipnerf==0.1.0) (2.3.0)
Requirement already satisfied: jupyter-server<3,>=2.4.0 in /work/courses/dslab/team20/miniconda3/envs/ns50/lib/python3.10/site-packages (from jupyterlab>=3.3.4->nerfstudio>=0.3.0->zipnerf==0.1.0) (2.17.0)
Requirement already satisfied: jupyterlab-server<3,>=2.27.1 in /work/courses/dslab/team20/miniconda3/envs/ns50/lib/python3.10/site-packages (from jupyterlab>=3.3.4->nerfstudio>=0.3.0->zipnerf==0.1.0) (2.27.3)
Requirement already satisfied: notebook-shim>=0.2 in /work/courses/dslab/team20/miniconda3/envs/ns50/lib/python3.10/site-packages (from jupyterlab>=3.3.4->nerfstudio>=0.3.0->zipnerf==0.1.0) (0.2.4)
Requirement already satisfied: setuptools>=41.1.0 in /work/courses/dslab/team20/miniconda3/envs/ns50/lib/python3.10/site-packages (from jupyterlab>=3.3.4->nerfstudio>=0.3.0->zipnerf==0.1.0) (80.9.0)
Requirement already satisfied: tomli>=1.2.2 in /work/courses/dslab/team20/miniconda3/envs/ns50/lib/python3.10/site-packages (from jupyterlab>=3.3.4->nerfstudio>=0.3.0->zipnerf==0.1.0) (2.3.0)
Requirement already satisfied: tornado>=6.2.0 in /work/courses/dslab/team20/miniconda3/envs/ns50/lib/python3.10/site-packages (from jupyterlab>=3.3.4->nerfstudio>=0.3.0->zipnerf==0.1.0) (6.5.2)
Requirement already satisfied: anyio in /work/courses/dslab/team20/miniconda3/envs/ns50/lib/python3.10/site-packages (from httpx<1,>=0.25.0->jupyterlab>=3.3.4->nerfstudio>=0.3.0->zipnerf==0.1.0) (4.11.0)
Requirement already satisfied: certifi in /work/courses/dslab/team20/miniconda3/envs/ns50/lib/python3.10/site-packages (from httpx<1,>=0.25.0->jupyterlab>=3.3.4->nerfstudio>=0.3.0->zipnerf==0.1.0) (2025.10.5)
Requirement already satisfied: httpcore==1.* in /work/courses/dslab/team20/miniconda3/envs/ns50/lib/python3.10/site-packages (from httpx<1,>=0.25.0->jupyterlab>=3.3.4->nerfstudio>=0.3.0->zipnerf==0.1.0) (1.0.9)
Requirement already satisfied: idna in /work/courses/dslab/team20/miniconda3/envs/ns50/lib/python3.10/site-packages (from httpx<1,>=0.25.0->jupyterlab>=3.3.4->nerfstudio>=0.3.0->zipnerf==0.1.0) (3.11)
Requirement already satisfied: h11>=0.16 in /work/courses/dslab/team20/miniconda3/envs/ns50/lib/python3.10/site-packages (from httpcore==1.*->httpx<1,>=0.25.0->jupyterlab>=3.3.4->nerfstudio>=0.3.0->zipnerf==0.1.0) (0.16.0)
Requirement already satisfied: argon2-cffi>=21.1 in /work/courses/dslab/team20/miniconda3/envs/ns50/lib/python3.10/site-packages (from jupyter-server<3,>=2.4.0->jupyterlab>=3.3.4->nerfstudio>=0.3.0->zipnerf==0.1.0) (25.1.0)
Requirement already satisfied: jupyter-client>=7.4.4 in /work/courses/dslab/team20/miniconda3/envs/ns50/lib/python3.10/site-packages (from jupyter-server<3,>=2.4.0->jupyterlab>=3.3.4->nerfstudio>=0.3.0->zipnerf==0.1.0) (8.6.3)
Requirement already satisfied: jupyter-events>=0.11.0 in /work/courses/dslab/team20/miniconda3/envs/ns50/lib/python3.10/site-packages (from jupyter-server<3,>=2.4.0->jupyterlab>=3.3.4->nerfstudio>=0.3.0->zipnerf==0.1.0) (0.12.0)
Requirement already satisfied: jupyter-server-terminals>=0.4.4 in /work/courses/dslab/team20/miniconda3/envs/ns50/lib/python3.10/site-packages (from jupyter-server<3,>=2.4.0->jupyterlab>=3.3.4->nerfstudio>=0.3.0->zipnerf==0.1.0) (0.5.3)
Requirement already satisfied: nbconvert>=6.4.4 in /work/courses/dslab/team20/miniconda3/envs/ns50/lib/python3.10/site-packages (from jupyter-server<3,>=2.4.0->jupyterlab>=3.3.4->nerfstudio>=0.3.0->zipnerf==0.1.0) (7.16.6)
Requirement already satisfied: nbformat>=5.3.0 in /work/courses/dslab/team20/miniconda3/envs/ns50/lib/python3.10/site-packages (from jupyter-server<3,>=2.4.0->jupyterlab>=3.3.4->nerfstudio>=0.3.0->zipnerf==0.1.0) (5.10.4)
Requirement already satisfied: overrides>=5.0 in /work/courses/dslab/team20/miniconda3/envs/ns50/lib/python3.10/site-packages (from jupyter-server<3,>=2.4.0->jupyterlab>=3.3.4->nerfstudio>=0.3.0->zipnerf==0.1.0) (7.7.0)
Requirement already satisfied: prometheus-client>=0.9 in /work/courses/dslab/team20/miniconda3/envs/ns50/lib/python3.10/site-packages (from jupyter-server<3,>=2.4.0->jupyterlab>=3.3.4->nerfstudio>=0.3.0->zipnerf==0.1.0) (0.23.1)
Requirement already satisfied: pyzmq>=24 in /work/courses/dslab/team20/miniconda3/envs/ns50/lib/python3.10/site-packages (from jupyter-server<3,>=2.4.0->jupyterlab>=3.3.4->nerfstudio>=0.3.0->zipnerf==0.1.0) (27.1.0)
Requirement already satisfied: send2trash>=1.8.2 in /work/courses/dslab/team20/miniconda3/envs/ns50/lib/python3.10/site-packages (from jupyter-server<3,>=2.4.0->jupyterlab>=3.3.4->nerfstudio>=0.3.0->zipnerf==0.1.0) (1.8.3)
Requirement already satisfied: terminado>=0.8.3 in /work/courses/dslab/team20/miniconda3/envs/ns50/lib/python3.10/site-packages (from jupyter-server<3,>=2.4.0->jupyterlab>=3.3.4->nerfstudio>=0.3.0->zipnerf==0.1.0) (0.18.1)
Requirement already satisfied: websocket-client>=1.7 in /work/courses/dslab/team20/miniconda3/envs/ns50/lib/python3.10/site-packages (from jupyter-server<3,>=2.4.0->jupyterlab>=3.3.4->nerfstudio>=0.3.0->zipnerf==0.1.0) (1.9.0)
Requirement already satisfied: babel>=2.10 in /work/courses/dslab/team20/miniconda3/envs/ns50/lib/python3.10/site-packages (from jupyterlab-server<3,>=2.27.1->jupyterlab>=3.3.4->nerfstudio>=0.3.0->zipnerf==0.1.0) (2.17.0)
Requirement already satisfied: json5>=0.9.0 in /work/courses/dslab/team20/miniconda3/envs/ns50/lib/python3.10/site-packages (from jupyterlab-server<3,>=2.27.1->jupyterlab>=3.3.4->nerfstudio>=0.3.0->zipnerf==0.1.0) (0.12.1)
Requirement already satisfied: sniffio>=1.1 in /work/courses/dslab/team20/miniconda3/envs/ns50/lib/python3.10/site-packages (from anyio->httpx<1,>=0.25.0->jupyterlab>=3.3.4->nerfstudio>=0.3.0->zipnerf==0.1.0) (1.3.1)
Requirement already satisfied: argon2-cffi-bindings in /work/courses/dslab/team20/miniconda3/envs/ns50/lib/python3.10/site-packages (from argon2-cffi>=21.1->jupyter-server<3,>=2.4.0->jupyterlab>=3.3.4->nerfstudio>=0.3.0->zipnerf==0.1.0) (25.1.0)
Requirement already satisfied: debugpy>=1.6.5 in /work/courses/dslab/team20/miniconda3/envs/ns50/lib/python3.10/site-packages (from ipykernel!=6.30.0,>=6.5.0->jupyterlab>=3.3.4->nerfstudio>=0.3.0->zipnerf==0.1.0) (1.8.17)
Requirement already satisfied: nest-asyncio>=1.4 in /work/courses/dslab/team20/miniconda3/envs/ns50/lib/python3.10/site-packages (from ipykernel!=6.30.0,>=6.5.0->jupyterlab>=3.3.4->nerfstudio>=0.3.0->zipnerf==0.1.0) (1.6.0)
Requirement already satisfied: MarkupSafe>=2.0 in /work/courses/dslab/team20/miniconda3/envs/ns50/lib/python3.10/site-packages (from jinja2>=3.0.3->jupyterlab>=3.3.4->nerfstudio>=0.3.0->zipnerf==0.1.0) (3.0.2)
Requirement already satisfied: python-dateutil>=2.8.2 in /work/courses/dslab/team20/miniconda3/envs/ns50/lib/python3.10/site-packages (from jupyter-client>=7.4.4->jupyter-server<3,>=2.4.0->jupyterlab>=3.3.4->nerfstudio>=0.3.0->zipnerf==0.1.0) (2.9.0.post0)
Requirement already satisfied: platformdirs>=2.5 in /work/courses/dslab/team20/miniconda3/envs/ns50/lib/python3.10/site-packages (from jupyter-core->jupyterlab>=3.3.4->nerfstudio>=0.3.0->zipnerf==0.1.0) (4.5.0)
Requirement already satisfied: python-json-logger>=2.0.4 in /work/courses/dslab/team20/miniconda3/envs/ns50/lib/python3.10/site-packages (from jupyter-events>=0.11.0->jupyter-server<3,>=2.4.0->jupyterlab>=3.3.4->nerfstudio>=0.3.0->zipnerf==0.1.0) (4.0.0)
Requirement already satisfied: pyyaml>=5.3 in /work/courses/dslab/team20/miniconda3/envs/ns50/lib/python3.10/site-packages (from jupyter-events>=0.11.0->jupyter-server<3,>=2.4.0->jupyterlab>=3.3.4->nerfstudio>=0.3.0->zipnerf==0.1.0) (6.0.3)
Requirement already satisfied: rfc3339-validator in /work/courses/dslab/team20/miniconda3/envs/ns50/lib/python3.10/site-packages (from jupyter-events>=0.11.0->jupyter-server<3,>=2.4.0->jupyterlab>=3.3.4->nerfstudio>=0.3.0->zipnerf==0.1.0) (0.1.4)
Requirement already satisfied: rfc3986-validator>=0.1.1 in /work/courses/dslab/team20/miniconda3/envs/ns50/lib/python3.10/site-packages (from jupyter-events>=0.11.0->jupyter-server<3,>=2.4.0->jupyterlab>=3.3.4->nerfstudio>=0.3.0->zipnerf==0.1.0) (0.1.1)
Requirement already satisfied: fqdn in /work/courses/dslab/team20/miniconda3/envs/ns50/lib/python3.10/site-packages (from jsonschema[format-nongpl]>=4.18.0->jupyter-events>=0.11.0->jupyter-server<3,>=2.4.0->jupyterlab>=3.3.4->nerfstudio>=0.3.0->zipnerf==0.1.0) (1.5.1)
Requirement already satisfied: isoduration in /work/courses/dslab/team20/miniconda3/envs/ns50/lib/python3.10/site-packages (from jsonschema[format-nongpl]>=4.18.0->jupyter-events>=0.11.0->jupyter-server<3,>=2.4.0->jupyterlab>=3.3.4->nerfstudio>=0.3.0->zipnerf==0.1.0) (20.11.0)
Requirement already satisfied: jsonpointer>1.13 in /work/courses/dslab/team20/miniconda3/envs/ns50/lib/python3.10/site-packages (from jsonschema[format-nongpl]>=4.18.0->jupyter-events>=0.11.0->jupyter-server<3,>=2.4.0->jupyterlab>=3.3.4->nerfstudio>=0.3.0->zipnerf==0.1.0) (3.0.0)
Requirement already satisfied: rfc3987-syntax>=1.1.0 in /work/courses/dslab/team20/miniconda3/envs/ns50/lib/python3.10/site-packages (from jsonschema[format-nongpl]>=4.18.0->jupyter-events>=0.11.0->jupyter-server<3,>=2.4.0->jupyterlab>=3.3.4->nerfstudio>=0.3.0->zipnerf==0.1.0) (1.1.0)
Requirement already satisfied: uri-template in /work/courses/dslab/team20/miniconda3/envs/ns50/lib/python3.10/site-packages (from jsonschema[format-nongpl]>=4.18.0->jupyter-events>=0.11.0->jupyter-server<3,>=2.4.0->jupyterlab>=3.3.4->nerfstudio>=0.3.0->zipnerf==0.1.0) (1.3.0)
Requirement already satisfied: webcolors>=24.6.0 in /work/courses/dslab/team20/miniconda3/envs/ns50/lib/python3.10/site-packages (from jsonschema[format-nongpl]>=4.18.0->jupyter-events>=0.11.0->jupyter-server<3,>=2.4.0->jupyterlab>=3.3.4->nerfstudio>=0.3.0->zipnerf==0.1.0) (24.11.1)
Requirement already satisfied: contourpy>=1.0.1 in /work/courses/dslab/team20/miniconda3/envs/ns50/lib/python3.10/site-packages (from matplotlib->zipnerf==0.1.0) (1.3.2)
Requirement already satisfied: cycler>=0.10 in /work/courses/dslab/team20/miniconda3/envs/ns50/lib/python3.10/site-packages (from matplotlib->zipnerf==0.1.0) (0.12.1)
Requirement already satisfied: fonttools>=4.22.0 in /work/courses/dslab/team20/miniconda3/envs/ns50/lib/python3.10/site-packages (from matplotlib->zipnerf==0.1.0) (4.60.1)
Requirement already satisfied: kiwisolver>=1.3.1 in /work/courses/dslab/team20/miniconda3/envs/ns50/lib/python3.10/site-packages (from matplotlib->zipnerf==0.1.0) (1.4.9)
Requirement already satisfied: pyparsing>=3 in /work/courses/dslab/team20/miniconda3/envs/ns50/lib/python3.10/site-packages (from matplotlib->zipnerf==0.1.0) (3.2.5)
Requirement already satisfied: bleach!=5.0.0 in /work/courses/dslab/team20/miniconda3/envs/ns50/lib/python3.10/site-packages (from bleach[css]!=5.0.0->nbconvert>=6.4.4->jupyter-server<3,>=2.4.0->jupyterlab>=3.3.4->nerfstudio>=0.3.0->zipnerf==0.1.0) (6.2.0)
Requirement already satisfied: defusedxml in /work/courses/dslab/team20/miniconda3/envs/ns50/lib/python3.10/site-packages (from nbconvert>=6.4.4->jupyter-server<3,>=2.4.0->jupyterlab>=3.3.4->nerfstudio>=0.3.0->zipnerf==0.1.0) (0.7.1)
Requirement already satisfied: jupyterlab-pygments in /work/courses/dslab/team20/miniconda3/envs/ns50/lib/python3.10/site-packages (from nbconvert>=6.4.4->jupyter-server<3,>=2.4.0->jupyterlab>=3.3.4->nerfstudio>=0.3.0->zipnerf==0.1.0) (0.3.0)
Requirement already satisfied: mistune<4,>=2.0.3 in /work/courses/dslab/team20/miniconda3/envs/ns50/lib/python3.10/site-packages (from nbconvert>=6.4.4->jupyter-server<3,>=2.4.0->jupyterlab>=3.3.4->nerfstudio>=0.3.0->zipnerf==0.1.0) (3.1.4)
Requirement already satisfied: nbclient>=0.5.0 in /work/courses/dslab/team20/miniconda3/envs/ns50/lib/python3.10/site-packages (from nbconvert>=6.4.4->jupyter-server<3,>=2.4.0->jupyterlab>=3.3.4->nerfstudio>=0.3.0->zipnerf==0.1.0) (0.10.2)
Requirement already satisfied: pandocfilters>=1.4.1 in /work/courses/dslab/team20/miniconda3/envs/ns50/lib/python3.10/site-packages (from nbconvert>=6.4.4->jupyter-server<3,>=2.4.0->jupyterlab>=3.3.4->nerfstudio>=0.3.0->zipnerf==0.1.0) (1.5.1)
Requirement already satisfied: webencodings in /work/courses/dslab/team20/miniconda3/envs/ns50/lib/python3.10/site-packages (from bleach!=5.0.0->bleach[css]!=5.0.0->nbconvert>=6.4.4->jupyter-server<3,>=2.4.0->jupyterlab>=3.3.4->nerfstudio>=0.3.0->zipnerf==0.1.0) (0.5.1)
Requirement already satisfied: tinycss2<1.5,>=1.1.0 in /work/courses/dslab/team20/miniconda3/envs/ns50/lib/python3.10/site-packages (from bleach[css]!=5.0.0->nbconvert>=6.4.4->jupyter-server<3,>=2.4.0->jupyterlab>=3.3.4->nerfstudio>=0.3.0->zipnerf==0.1.0) (1.4.0)
Requirement already satisfied: fastjsonschema>=2.15 in /work/courses/dslab/team20/miniconda3/envs/ns50/lib/python3.10/site-packages (from nbformat>=5.3.0->jupyter-server<3,>=2.4.0->jupyterlab>=3.3.4->nerfstudio>=0.3.0->zipnerf==0.1.0) (2.21.2)
Requirement already satisfied: cachetools in /work/courses/dslab/team20/miniconda3/envs/ns50/lib/python3.10/site-packages (from nuscenes-devkit>=1.1.1->nerfstudio>=0.3.0->zipnerf==0.1.0) (6.2.1)
Requirement already satisfied: descartes in /work/courses/dslab/team20/miniconda3/envs/ns50/lib/python3.10/site-packages (from nuscenes-devkit>=1.1.1->nerfstudio>=0.3.0->zipnerf==0.1.0) (1.1.0)
Requirement already satisfied: fire in /work/courses/dslab/team20/miniconda3/envs/ns50/lib/python3.10/site-packages (from nuscenes-devkit>=1.1.1->nerfstudio>=0.3.0->zipnerf==0.1.0) (0.7.1)
Requirement already satisfied: Shapely~=2.0.3 in /work/courses/dslab/team20/miniconda3/envs/ns50/lib/python3.10/site-packages (from nuscenes-devkit>=1.1.1->nerfstudio>=0.3.0->zipnerf==0.1.0) (2.0.7)
Requirement already satisfied: parameterized in /work/courses/dslab/team20/miniconda3/envs/ns50/lib/python3.10/site-packages (from nuscenes-devkit>=1.1.1->nerfstudio>=0.3.0->zipnerf==0.1.0) (0.9.0)
Requirement already satisfied: pycocotools>=2.0.1 in /work/courses/dslab/team20/miniconda3/envs/ns50/lib/python3.10/site-packages (from nuscenes-devkit>=1.1.1->nerfstudio>=0.3.0->zipnerf==0.1.0) (2.0.10)
Requirement already satisfied: dash>=2.6.0 in /work/courses/dslab/team20/miniconda3/envs/ns50/lib/python3.10/site-packages (from open3d>=0.16.0->nerfstudio>=0.3.0->zipnerf==0.1.0) (3.2.0)
Requirement already satisfied: werkzeug>=3.0.0 in /work/courses/dslab/team20/miniconda3/envs/ns50/lib/python3.10/site-packages (from open3d>=0.16.0->nerfstudio>=0.3.0->zipnerf==0.1.0) (3.1.3)
Requirement already satisfied: flask>=3.0.0 in /work/courses/dslab/team20/miniconda3/envs/ns50/lib/python3.10/site-packages (from open3d>=0.16.0->nerfstudio>=0.3.0->zipnerf==0.1.0) (3.1.2)
Requirement already satisfied: configargparse in /work/courses/dslab/team20/miniconda3/envs/ns50/lib/python3.10/site-packages (from open3d>=0.16.0->nerfstudio>=0.3.0->zipnerf==0.1.0) (1.7.1)
Requirement already satisfied: addict in /work/courses/dslab/team20/miniconda3/envs/ns50/lib/python3.10/site-packages (from open3d>=0.16.0->nerfstudio>=0.3.0->zipnerf==0.1.0) (2.4.0)
Requirement already satisfied: pandas>=1.0 in /work/courses/dslab/team20/miniconda3/envs/ns50/lib/python3.10/site-packages (from open3d>=0.16.0->nerfstudio>=0.3.0->zipnerf==0.1.0) (2.3.3)
Requirement already satisfied: importlib-metadata in /work/courses/dslab/team20/miniconda3/envs/ns50/lib/python3.10/site-packages (from dash>=2.6.0->open3d>=0.16.0->nerfstudio>=0.3.0->zipnerf==0.1.0) (8.7.0)
Requirement already satisfied: retrying in /work/courses/dslab/team20/miniconda3/envs/ns50/lib/python3.10/site-packages (from dash>=2.6.0->open3d>=0.16.0->nerfstudio>=0.3.0->zipnerf==0.1.0) (1.4.2)
Requirement already satisfied: blinker>=1.9.0 in /work/courses/dslab/team20/miniconda3/envs/ns50/lib/python3.10/site-packages (from flask>=3.0.0->open3d>=0.16.0->nerfstudio>=0.3.0->zipnerf==0.1.0) (1.9.0)
Requirement already satisfied: click>=8.1.3 in /work/courses/dslab/team20/miniconda3/envs/ns50/lib/python3.10/site-packages (from flask>=3.0.0->open3d>=0.16.0->nerfstudio>=0.3.0->zipnerf==0.1.0) (8.3.0)
Requirement already satisfied: itsdangerous>=2.2.0 in /work/courses/dslab/team20/miniconda3/envs/ns50/lib/python3.10/site-packages (from flask>=3.0.0->open3d>=0.16.0->nerfstudio>=0.3.0->zipnerf==0.1.0) (2.2.0)
Requirement already satisfied: pytz>=2020.1 in /work/courses/dslab/team20/miniconda3/envs/ns50/lib/python3.10/site-packages (from pandas>=1.0->open3d>=0.16.0->nerfstudio>=0.3.0->zipnerf==0.1.0) (2025.2)
Requirement already satisfied: tzdata>=2022.7 in /work/courses/dslab/team20/miniconda3/envs/ns50/lib/python3.10/site-packages (from pandas>=1.0->open3d>=0.16.0->nerfstudio>=0.3.0->zipnerf==0.1.0) (2025.2)
Requirement already satisfied: ptyprocess>=0.5 in /work/courses/dslab/team20/miniconda3/envs/ns50/lib/python3.10/site-packages (from pexpect>4.3->ipython>=6.1.0->ipywidgets>=7.6->nerfstudio>=0.3.0->zipnerf==0.1.0) (0.7.0)
Requirement already satisfied: narwhals>=1.15.1 in /work/courses/dslab/team20/miniconda3/envs/ns50/lib/python3.10/site-packages (from plotly>=5.7.0->nerfstudio>=0.3.0->zipnerf==0.1.0) (2.8.0)
Requirement already satisfied: six>=1.5 in /work/courses/dslab/team20/miniconda3/envs/ns50/lib/python3.10/site-packages (from python-dateutil>=2.8.2->jupyter-client>=7.4.4->jupyter-server<3,>=2.4.0->jupyterlab>=3.3.4->nerfstudio>=0.3.0->zipnerf==0.1.0) (1.17.0)
Requirement already satisfied: bidict>=0.21.0 in /work/courses/dslab/team20/miniconda3/envs/ns50/lib/python3.10/site-packages (from python-socketio>=5.7.1->nerfstudio>=0.3.0->zipnerf==0.1.0) (0.23.1)
Requirement already satisfied: python-engineio>=4.11.0 in /work/courses/dslab/team20/miniconda3/envs/ns50/lib/python3.10/site-packages (from python-socketio>=5.7.1->nerfstudio>=0.3.0->zipnerf==0.1.0) (4.12.3)
Requirement already satisfied: simple-websocket>=0.10.0 in /work/courses/dslab/team20/miniconda3/envs/ns50/lib/python3.10/site-packages (from python-engineio>=4.11.0->python-socketio>=5.7.1->nerfstudio>=0.3.0->zipnerf==0.1.0) (1.1.0)
Requirement already satisfied: charset_normalizer<4,>=2 in /work/courses/dslab/team20/miniconda3/envs/ns50/lib/python3.10/site-packages (from requests->nerfstudio>=0.3.0->zipnerf==0.1.0) (3.4.4)
Requirement already satisfied: lark>=1.2.2 in /work/courses/dslab/team20/miniconda3/envs/ns50/lib/python3.10/site-packages (from rfc3987-syntax>=1.1.0->jsonschema[format-nongpl]>=4.18.0->jupyter-events>=0.11.0->jupyter-server<3,>=2.4.0->jupyterlab>=3.3.4->nerfstudio>=0.3.0->zipnerf==0.1.0) (1.3.0)
Requirement already satisfied: markdown-it-py>=2.2.0 in /work/courses/dslab/team20/miniconda3/envs/ns50/lib/python3.10/site-packages (from rich>=12.5.1->nerfstudio>=0.3.0->zipnerf==0.1.0) (4.0.0)
Requirement already satisfied: mdurl~=0.1 in /work/courses/dslab/team20/miniconda3/envs/ns50/lib/python3.10/site-packages (from markdown-it-py>=2.2.0->rich>=12.5.1->nerfstudio>=0.3.0->zipnerf==0.1.0) (0.1.2)
Requirement already satisfied: networkx>=3.0 in /work/courses/dslab/team20/miniconda3/envs/ns50/lib/python3.10/site-packages (from scikit-image->zipnerf==0.1.0) (3.4.2)
Requirement already satisfied: tifffile>=2022.8.12 in /work/courses/dslab/team20/miniconda3/envs/ns50/lib/python3.10/site-packages (from scikit-image->zipnerf==0.1.0) (2025.5.10)
Requirement already satisfied: lazy-loader>=0.4 in /work/courses/dslab/team20/miniconda3/envs/ns50/lib/python3.10/site-packages (from scikit-image->zipnerf==0.1.0) (0.4)
Requirement already satisfied: joblib>=1.2.0 in /work/courses/dslab/team20/miniconda3/envs/ns50/lib/python3.10/site-packages (from scikit-learn->zipnerf==0.1.0) (1.5.2)
Requirement already satisfied: threadpoolctl>=3.1.0 in /work/courses/dslab/team20/miniconda3/envs/ns50/lib/python3.10/site-packages (from scikit-learn->zipnerf==0.1.0) (3.6.0)
Requirement already satisfied: wsproto in /work/courses/dslab/team20/miniconda3/envs/ns50/lib/python3.10/site-packages (from simple-websocket>=0.10.0->python-engineio>=4.11.0->python-socketio>=5.7.1->nerfstudio>=0.3.0->zipnerf==0.1.0) (1.2.0)
Requirement already satisfied: grpcio>=1.48.2 in /work/courses/dslab/team20/miniconda3/envs/ns50/lib/python3.10/site-packages (from tensorboard->zipnerf==0.1.0) (1.75.1)
Requirement already satisfied: markdown>=2.6.8 in /work/courses/dslab/team20/miniconda3/envs/ns50/lib/python3.10/site-packages (from tensorboard->zipnerf==0.1.0) (3.9)
Requirement already satisfied: tensorboard-data-server<0.8.0,>=0.7.0 in /work/courses/dslab/team20/miniconda3/envs/ns50/lib/python3.10/site-packages (from tensorboard->zipnerf==0.1.0) (0.7.2)
Requirement already satisfied: sympy>=1.13.3 in /work/courses/dslab/team20/miniconda3/envs/ns50/lib/python3.10/site-packages (from torch->zipnerf==0.1.0) (1.14.0)
Requirement already satisfied: fsspec>=0.8.5 in /work/courses/dslab/team20/miniconda3/envs/ns50/lib/python3.10/site-packages (from torch->zipnerf==0.1.0) (2025.9.0)
Requirement already satisfied: nvidia-cuda-nvrtc-cu12==12.8.93 in /work/courses/dslab/team20/miniconda3/envs/ns50/lib/python3.10/site-packages (from torch->zipnerf==0.1.0) (12.8.93)
Requirement already satisfied: nvidia-cuda-runtime-cu12==12.8.90 in /work/courses/dslab/team20/miniconda3/envs/ns50/lib/python3.10/site-packages (from torch->zipnerf==0.1.0) (12.8.90)
Requirement already satisfied: nvidia-cuda-cupti-cu12==12.8.90 in /work/courses/dslab/team20/miniconda3/envs/ns50/lib/python3.10/site-packages (from torch->zipnerf==0.1.0) (12.8.90)
Requirement already satisfied: nvidia-cudnn-cu12==9.10.2.21 in /work/courses/dslab/team20/miniconda3/envs/ns50/lib/python3.10/site-packages (from torch->zipnerf==0.1.0) (9.10.2.21)
Requirement already satisfied: nvidia-cublas-cu12==12.8.4.1 in /work/courses/dslab/team20/miniconda3/envs/ns50/lib/python3.10/site-packages (from torch->zipnerf==0.1.0) (12.8.4.1)
Requirement already satisfied: nvidia-cufft-cu12==11.3.3.83 in /work/courses/dslab/team20/miniconda3/envs/ns50/lib/python3.10/site-packages (from torch->zipnerf==0.1.0) (11.3.3.83)
Requirement already satisfied: nvidia-curand-cu12==10.3.9.90 in /work/courses/dslab/team20/miniconda3/envs/ns50/lib/python3.10/site-packages (from torch->zipnerf==0.1.0) (10.3.9.90)
Requirement already satisfied: nvidia-cusolver-cu12==11.7.3.90 in /work/courses/dslab/team20/miniconda3/envs/ns50/lib/python3.10/site-packages (from torch->zipnerf==0.1.0) (11.7.3.90)
Requirement already satisfied: nvidia-cusparse-cu12==12.5.8.93 in /work/courses/dslab/team20/miniconda3/envs/ns50/lib/python3.10/site-packages (from torch->zipnerf==0.1.0) (12.5.8.93)
Requirement already satisfied: nvidia-cusparselt-cu12==0.7.1 in /work/courses/dslab/team20/miniconda3/envs/ns50/lib/python3.10/site-packages (from torch->zipnerf==0.1.0) (0.7.1)
Requirement already satisfied: nvidia-nccl-cu12==2.27.5 in /work/courses/dslab/team20/miniconda3/envs/ns50/lib/python3.10/site-packages (from torch->zipnerf==0.1.0) (2.27.5)
Requirement already satisfied: nvidia-nvshmem-cu12==3.3.24 in /work/courses/dslab/team20/miniconda3/envs/ns50/lib/python3.10/site-packages (from torch->zipnerf==0.1.0) (3.3.24)
Requirement already satisfied: nvidia-nvtx-cu12==12.8.90 in /work/courses/dslab/team20/miniconda3/envs/ns50/lib/python3.10/site-packages (from torch->zipnerf==0.1.0) (12.8.90)
Requirement already satisfied: nvidia-nvjitlink-cu12==12.8.93 in /work/courses/dslab/team20/miniconda3/envs/ns50/lib/python3.10/site-packages (from torch->zipnerf==0.1.0) (12.8.93)
Requirement already satisfied: nvidia-cufile-cu12==1.13.1.3 in /work/courses/dslab/team20/miniconda3/envs/ns50/lib/python3.10/site-packages (from torch->zipnerf==0.1.0) (1.13.1.3)
Requirement already satisfied: pytorch-triton==3.5.0+git7416ffcb in /work/courses/dslab/team20/miniconda3/envs/ns50/lib/python3.10/site-packages (from torch->zipnerf==0.1.0) (3.5.0+git7416ffcb)
Requirement already satisfied: mpmath<1.4,>=1.1.0 in /work/courses/dslab/team20/miniconda3/envs/ns50/lib/python3.10/site-packages (from sympy>=1.13.3->torch->zipnerf==0.1.0) (1.3.0)
Requirement already satisfied: lightning-utilities>=0.8.0 in /work/courses/dslab/team20/miniconda3/envs/ns50/lib/python3.10/site-packages (from torchmetrics>=1.0.1->torchmetrics[image]>=1.0.1->nerfstudio>=0.3.0->zipnerf==0.1.0) (0.15.2)
Requirement already satisfied: torch-fidelity<=0.4.0 in /work/courses/dslab/team20/miniconda3/envs/ns50/lib/python3.10/site-packages (from torchmetrics[image]>=1.0.1->nerfstudio>=0.3.0->zipnerf==0.1.0) (0.3.0)
Requirement already satisfied: docstring-parser>=0.15 in /work/courses/dslab/team20/miniconda3/envs/ns50/lib/python3.10/site-packages (from tyro>=0.6.6->nerfstudio>=0.3.0->zipnerf==0.1.0) (0.17.0)
Requirement already satisfied: shtab>=1.5.6 in /work/courses/dslab/team20/miniconda3/envs/ns50/lib/python3.10/site-packages (from tyro>=0.6.6->nerfstudio>=0.3.0->zipnerf==0.1.0) (1.7.2)
Requirement already satisfied: typeguard>=4.0.0 in /work/courses/dslab/team20/miniconda3/envs/ns50/lib/python3.10/site-packages (from tyro>=0.6.6->nerfstudio>=0.3.0->zipnerf==0.1.0) (4.4.4)
Requirement already satisfied: gitpython!=3.1.29,>=1.0.0 in /work/courses/dslab/team20/miniconda3/envs/ns50/lib/python3.10/site-packages (from wandb>=0.13.3->nerfstudio>=0.3.0->zipnerf==0.1.0) (3.1.45)
Requirement already satisfied: pydantic<3 in /work/courses/dslab/team20/miniconda3/envs/ns50/lib/python3.10/site-packages (from wandb>=0.13.3->nerfstudio>=0.3.0->zipnerf==0.1.0) (2.12.3)
Requirement already satisfied: annotated-types>=0.6.0 in /work/courses/dslab/team20/miniconda3/envs/ns50/lib/python3.10/site-packages (from pydantic<3->wandb>=0.13.3->nerfstudio>=0.3.0->zipnerf==0.1.0) (0.7.0)
Requirement already satisfied: pydantic-core==2.41.4 in /work/courses/dslab/team20/miniconda3/envs/ns50/lib/python3.10/site-packages (from pydantic<3->wandb>=0.13.3->nerfstudio>=0.3.0->zipnerf==0.1.0) (2.41.4)
Requirement already satisfied: typing-inspection>=0.4.2 in /work/courses/dslab/team20/miniconda3/envs/ns50/lib/python3.10/site-packages (from pydantic<3->wandb>=0.13.3->nerfstudio>=0.3.0->zipnerf==0.1.0) (0.4.2)
Requirement already satisfied: gitdb<5,>=4.0.1 in /work/courses/dslab/team20/miniconda3/envs/ns50/lib/python3.10/site-packages (from gitpython!=3.1.29,>=1.0.0->wandb>=0.13.3->nerfstudio>=0.3.0->zipnerf==0.1.0) (4.0.12)
Requirement already satisfied: smmap<6,>=3.0.1 in /work/courses/dslab/team20/miniconda3/envs/ns50/lib/python3.10/site-packages (from gitdb<5,>=4.0.1->gitpython!=3.1.29,>=1.0.0->wandb>=0.13.3->nerfstudio>=0.3.0->zipnerf==0.1.0) (5.0.2)
Requirement already satisfied: lxml in /work/courses/dslab/team20/miniconda3/envs/ns50/lib/python3.10/site-packages (from yourdfpy>=0.0.53->viser==0.2.7->nerfstudio>=0.3.0->zipnerf==0.1.0) (6.0.2)
Requirement already satisfied: colorlog in /work/courses/dslab/team20/miniconda3/envs/ns50/lib/python3.10/site-packages (from trimesh[easy]>=3.11.2->yourdfpy>=0.0.53->viser==0.2.7->nerfstudio>=0.3.0->zipnerf==0.1.0) (6.10.1)
Requirement already satisfied: manifold3d>=2.3.0 in /work/courses/dslab/team20/miniconda3/envs/ns50/lib/python3.10/site-packages (from trimesh[easy]>=3.11.2->yourdfpy>=0.0.53->viser==0.2.7->nerfstudio>=0.3.0->zipnerf==0.1.0) (3.2.1)
Requirement already satisfied: svg.path in /work/courses/dslab/team20/miniconda3/envs/ns50/lib/python3.10/site-packages (from trimesh[easy]>=3.11.2->yourdfpy>=0.0.53->viser==0.2.7->nerfstudio>=0.3.0->zipnerf==0.1.0) (7.0)
Requirement already satisfied: pycollada in /work/courses/dslab/team20/miniconda3/envs/ns50/lib/python3.10/site-packages (from trimesh[easy]>=3.11.2->yourdfpy>=0.0.53->viser==0.2.7->nerfstudio>=0.3.0->zipnerf==0.1.0) (0.9.2)
Requirement already satisfied: xxhash in /work/courses/dslab/team20/miniconda3/envs/ns50/lib/python3.10/site-packages (from trimesh[easy]>=3.11.2->yourdfpy>=0.0.53->viser==0.2.7->nerfstudio>=0.3.0->zipnerf==0.1.0) (3.6.0)
Requirement already satisfied: rtree in /work/courses/dslab/team20/miniconda3/envs/ns50/lib/python3.10/site-packages (from trimesh[easy]>=3.11.2->yourdfpy>=0.0.53->viser==0.2.7->nerfstudio>=0.3.0->zipnerf==0.1.0) (1.4.1)
Requirement already satisfied: embreex in /work/courses/dslab/team20/miniconda3/envs/ns50/lib/python3.10/site-packages (from trimesh[easy]>=3.11.2->yourdfpy>=0.0.53->viser==0.2.7->nerfstudio>=0.3.0->zipnerf==0.1.0) (2.17.7.post6)
Requirement already satisfied: vhacdx in /work/courses/dslab/team20/miniconda3/envs/ns50/lib/python3.10/site-packages (from trimesh[easy]>=3.11.2->yourdfpy>=0.0.53->viser==0.2.7->nerfstudio>=0.3.0->zipnerf==0.1.0) (0.0.8.post2)
Requirement already satisfied: mapbox_earcut>=1.0.2 in /work/courses/dslab/team20/miniconda3/envs/ns50/lib/python3.10/site-packages (from trimesh[easy]>=3.11.2->yourdfpy>=0.0.53->viser==0.2.7->nerfstudio>=0.3.0->zipnerf==0.1.0) (1.0.3)
Requirement already satisfied: huggingface_hub>=0.21.0 in /work/courses/dslab/team20/miniconda3/envs/ns50/lib/python3.10/site-packages (from accelerate->zipnerf==0.1.0) (0.35.3)
Requirement already satisfied: safetensors>=0.4.3 in /work/courses/dslab/team20/miniconda3/envs/ns50/lib/python3.10/site-packages (from accelerate->zipnerf==0.1.0) (0.6.2)
Requirement already satisfied: hf-xet<2.0.0,>=1.1.3 in /work/courses/dslab/team20/miniconda3/envs/ns50/lib/python3.10/site-packages (from huggingface_hub>=0.21.0->accelerate->zipnerf==0.1.0) (1.1.10)
Requirement already satisfied: soupsieve>1.2 in /work/courses/dslab/team20/miniconda3/envs/ns50/lib/python3.10/site-packages (from beautifulsoup4->gdown>=4.6.0->nerfstudio>=0.3.0->zipnerf==0.1.0) (2.8)
Requirement already satisfied: termcolor in /work/courses/dslab/team20/miniconda3/envs/ns50/lib/python3.10/site-packages (from fire->nuscenes-devkit>=1.1.1->nerfstudio>=0.3.0->zipnerf==0.1.0) (3.1.0)
Requirement already satisfied: imageio-ffmpeg in /work/courses/dslab/team20/miniconda3/envs/ns50/lib/python3.10/site-packages (from imageio[ffmpeg]->zipnerf==0.1.0) (0.6.0)
Requirement already satisfied: zipp>=3.20 in /work/courses/dslab/team20/miniconda3/envs/ns50/lib/python3.10/site-packages (from importlib-metadata->dash>=2.6.0->open3d>=0.16.0->nerfstudio>=0.3.0->zipnerf==0.1.0) (3.23.0)
Requirement already satisfied: arrow>=0.15.0 in /work/courses/dslab/team20/miniconda3/envs/ns50/lib/python3.10/site-packages (from isoduration->jsonschema[format-nongpl]>=4.18.0->jupyter-events>=0.11.0->jupyter-server<3,>=2.4.0->jupyterlab>=3.3.4->nerfstudio>=0.3.0->zipnerf==0.1.0) (1.3.0)
Requirement already satisfied: types-python-dateutil>=2.8.10 in /work/courses/dslab/team20/miniconda3/envs/ns50/lib/python3.10/site-packages (from arrow>=0.15.0->isoduration->jsonschema[format-nongpl]>=4.18.0->jupyter-events>=0.11.0->jupyter-server<3,>=2.4.0->jupyterlab>=3.3.4->nerfstudio>=0.3.0->zipnerf==0.1.0) (2.9.0.20251008)
Requirement already satisfied: ppft>=1.7.7 in /work/courses/dslab/team20/miniconda3/envs/ns50/lib/python3.10/site-packages (from pathos->nerfstudio>=0.3.0->zipnerf==0.1.0) (1.7.7)
Requirement already satisfied: dill>=0.4.0 in /work/courses/dslab/team20/miniconda3/envs/ns50/lib/python3.10/site-packages (from pathos->nerfstudio>=0.3.0->zipnerf==0.1.0) (0.4.0)
Requirement already satisfied: pox>=0.3.6 in /work/courses/dslab/team20/miniconda3/envs/ns50/lib/python3.10/site-packages (from pathos->nerfstudio>=0.3.0->zipnerf==0.1.0) (0.3.6)
Requirement already satisfied: multiprocess>=0.70.18 in /work/courses/dslab/team20/miniconda3/envs/ns50/lib/python3.10/site-packages (from pathos->nerfstudio>=0.3.0->zipnerf==0.1.0) (0.70.18)
Requirement already satisfied: PySocks!=1.5.7,>=1.5.6 in /work/courses/dslab/team20/miniconda3/envs/ns50/lib/python3.10/site-packages (from requests[socks]->gdown>=4.6.0->nerfstudio>=0.3.0->zipnerf==0.1.0) (1.7.1)
Requirement already satisfied: executing>=1.2.0 in /work/courses/dslab/team20/miniconda3/envs/ns50/lib/python3.10/site-packages (from stack_data->ipython>=6.1.0->ipywidgets>=7.6->nerfstudio>=0.3.0->zipnerf==0.1.0) (2.2.1)
Requirement already satisfied: asttokens>=2.1.0 in /work/courses/dslab/team20/miniconda3/envs/ns50/lib/python3.10/site-packages (from stack_data->ipython>=6.1.0->ipywidgets>=7.6->nerfstudio>=0.3.0->zipnerf==0.1.0) (3.0.0)
Requirement already satisfied: pure-eval in /work/courses/dslab/team20/miniconda3/envs/ns50/lib/python3.10/site-packages (from stack_data->ipython>=6.1.0->ipywidgets>=7.6->nerfstudio>=0.3.0->zipnerf==0.1.0) (0.2.3)
sanity check
_cuda_backend found at: None
starting training
navigating into the code directory
 Config 
TrainerConfig(
    _target=<class 'nerfstudio.engine.trainer.Trainer'>,
    output_dir=PosixPath('outputs'),
    method_name='zipnerf',
    experiment_name=None,
    project_name='nerfstudio-project',
    timestamp='2025-10-18_011756',
    machine=MachineConfig(seed=42, num_devices=1, num_machines=1, machine_rank=0, dist_url='auto', device_type='cuda'),
    logging=LoggingConfig(
        relative_log_dir=PosixPath('.'),
        steps_per_log=10,
        max_buffer_size=20,
        local_writer=LocalWriterConfig(
            _target=<class 'nerfstudio.utils.writer.LocalWriter'>,
            enable=True,
            stats_to_track=(
                <EventName.ITER_TRAIN_TIME: 'Train Iter (time)'>,
                <EventName.TRAIN_RAYS_PER_SEC: 'Train Rays / Sec'>,
                <EventName.CURR_TEST_PSNR: 'Test PSNR'>,
                <EventName.VIS_RAYS_PER_SEC: 'Vis Rays / Sec'>,
                <EventName.TEST_RAYS_PER_SEC: 'Test Rays / Sec'>,
                <EventName.ETA: 'ETA (time)'>
            ),
            max_log_size=10
        ),
        profiler='basic'
    ),
    viewer=ViewerConfig(
        relative_log_filename='viewer_log_filename.txt',
        websocket_port=None,
        websocket_port_default=7007,
        websocket_host='0.0.0.0',
        num_rays_per_chunk=32768,
        max_num_display_images=512,
        quit_on_train_completion=False,
        image_format='jpeg',
        jpeg_quality=75,
        make_share_url=False,
        camera_frustum_scale=0.1,
        default_composite_depth=True
    ),
    pipeline=ZipNerfPipelineConfig(
        _target=<class 'zipnerf_ns.zipnerf_pipeline.ZipNerfPipeline'>,
        datamanager=ZipNerfDataManagerConfig(
            _target=<class 'zipnerf_ns.zipnerf_datamanager.ZipNerfDataManager'>,
            data=None,
            masks_on_gpu=False,
            images_on_gpu=False,
            dataparser=ColmapDataParserConfig(
                _target=<class 'nerfstudio.data.dataparsers.colmap_dataparser.ColmapDataParser'>,
                data=PosixPath('/work/courses/dslab/team20/data/bicycle'),
                scale_factor=1.0,
                downscale_factor=None,
                downscale_rounding_mode='floor',
                scene_scale=1.0,
                orientation_method='up',
                center_method='poses',
                auto_scale_poses=True,
                assume_colmap_world_coordinate_convention=True,
                eval_mode='interval',
                train_split_fraction=0.9,
                eval_interval=8,
                depth_unit_scale_factor=0.001,
                images_path=PosixPath('/work/courses/dslab/team20/data/bicycle/images'),
                masks_path=None,
                depths_path=None,
                colmap_path=PosixPath('/work/courses/dslab/team20/data/bicycle/sparse/0'),
                load_3D_points=True,
                max_2D_matches_per_3D_point=0
            ),
            train_num_rays_per_batch=8192,
            train_num_images_to_sample_from=-1,
            train_num_times_to_repeat_images=-1,
            eval_num_rays_per_batch=8192,
            eval_num_images_to_sample_from=-1,
            eval_num_times_to_repeat_images=-1,
            eval_image_indices=(0,),
            collate_fn=<function nerfstudio_collate at 0x7b5a099527a0>,
            camera_res_scale_factor=1.0,
            patch_size=1,
            camera_optimizer=None,
            pixel_sampler=PixelSamplerConfig(
                _target=<class 'nerfstudio.data.pixel_samplers.PixelSampler'>,
                num_rays_per_batch=4096,
                keep_full_image=False,
                is_equirectangular=False,
                ignore_mask=False,
                fisheye_crop_radius=None,
                rejection_sample_mask=True,
                max_num_iterations=100
            )
        ),
        model=ZipNerfModelConfig(
            _target=<class 'zipnerf_ns.zipnerf_model.ZipNerfModel'>,
            enable_collider=True,
            collider_params={'near_plane': 2.0, 'far_plane': 6.0},
            loss_coefficients={'rgb_loss_coarse': 1.0, 'rgb_loss_fine': 1.0},
            eval_num_rays_per_chunk=32768,
            prompt=None,
            gin_file=['configs/360.gin'],
            compute_extras=True,
            proposal_weights_anneal_max_num_iters=1000,
            rand=True,
            zero_glo=False,
            background_color='white'
        )
    ),
    optimizers={
        'model': {
            'optimizer': AdamOptimizerConfig(
                _target=<class 'torch.optim.adam.Adam'>,
                lr=0.008,
                eps=1e-15,
                max_norm=None,
                weight_decay=0
            ),
            'scheduler': ExponentialDecaySchedulerConfig(
                _target=<class 'nerfstudio.engine.schedulers.ExponentialDecayScheduler'>,
                lr_pre_warmup=1e-08,
                lr_final=0.001,
                warmup_steps=1000,
                max_steps=25000,
                ramp='cosine'
            )
        }
    },
    vis='viewer',
    data=None,
    prompt=None,
    relative_model_dir=PosixPath('nerfstudio_models'),
    load_scheduler=True,
    steps_per_save=5000,
    steps_per_eval_batch=1000,
    steps_per_eval_image=5000,
    steps_per_eval_all_images=25000,
    max_num_iterations=25000,
    mixed_precision=True,
    use_grad_scaler=False,
    save_only_latest_checkpoint=True,
    load_dir=None,
    load_step=None,
    load_config=None,
    load_checkpoint=None,
    log_gradients=False,
    gradient_accumulation_steps={},
    start_paused=False
)

[01:17:56] Saving config to: outputs/unnamed/zipnerf/2025-10-18_011756/config.yml               experiment_config.py:136
           Saving checkpoints to: outputs/unnamed/zipnerf/2025-10-18_011756/nerfstudio_models             trainer.py:142
[01:17:57] Using image downscale factor of 4                                                    colmap_dataparser.py:533
Setting up training dataset...
Caching all 169 images.

Setting up evaluation dataset...
Caching all 25 images.

