Job started
activating conda environmern
navigating into the code directory
running zipnerf cli tool
[12:18:25] 🔍 Detected conda environment /home/rbollati/miniconda3/envs/nerfstudio!                       install.py:363
[12:18:27] ✔ Nothing to do for                                                                            install.py:138
           /home/rbollati/miniconda3/envs/nerfstudio/lib/python3.8/site-packages/nerfstudio/scripts/compl               
           etions/zsh/_ns-dev-test.                                                                                     
           ✔ Nothing to do for                                                                            install.py:138
           /home/rbollati/miniconda3/envs/nerfstudio/lib/python3.8/site-packages/nerfstudio/scripts/compl               
           etions/bash/_ns-install-cli.                                                                                 
           ✔ Nothing to do for                                                                            install.py:138
           /home/rbollati/miniconda3/envs/nerfstudio/lib/python3.8/site-packages/nerfstudio/scripts/compl               
           etions/zsh/_ns-install-cli.                                                                                  
           ✔ Nothing to do for                                                                            install.py:138
           /home/rbollati/miniconda3/envs/nerfstudio/lib/python3.8/site-packages/nerfstudio/scripts/compl               
           etions/bash/_ns-dev-test.                                                                                    
[12:18:44] ✔ Nothing to do for                                                                            install.py:138
           /home/rbollati/miniconda3/envs/nerfstudio/lib/python3.8/site-packages/nerfstudio/scripts/compl               
           etions/zsh/_ns-dev-sync-viser-message-defs.                                                                  
           ✔ Nothing to do for                                                                            install.py:138
           /home/rbollati/miniconda3/envs/nerfstudio/lib/python3.8/site-packages/nerfstudio/scripts/compl               
           etions/bash/_ns-dev-sync-viser-message-defs.                                                                 
[12:18:46] ✔ Nothing to do for                                                                            install.py:138
           /home/rbollati/miniconda3/envs/nerfstudio/lib/python3.8/site-packages/nerfstudio/scripts/compl               
           etions/zsh/_ns-download-data.                                                                                
[12:18:51] ✔ Nothing to do for                                                                            install.py:138
           /home/rbollati/miniconda3/envs/nerfstudio/lib/python3.8/site-packages/nerfstudio/scripts/compl               
           etions/bash/_ns-download-data.                                                                               
[12:19:07] ✔ Nothing to do for                                                                            install.py:138
           /home/rbollati/miniconda3/envs/nerfstudio/lib/python3.8/site-packages/nerfstudio/scripts/compl               
           etions/bash/_ns-eval.                                                                                        
           ✔ Nothing to do for                                                                            install.py:138
           /home/rbollati/miniconda3/envs/nerfstudio/lib/python3.8/site-packages/nerfstudio/scripts/compl               
           etions/bash/_ns-process-data.                                                                                
[12:19:09] ✔ Nothing to do for                                                                            install.py:138
           /home/rbollati/miniconda3/envs/nerfstudio/lib/python3.8/site-packages/nerfstudio/scripts/compl               
           etions/zsh/_ns-process-data.                                                                                 
[12:19:13] ✔ Nothing to do for                                                                            install.py:138
           /home/rbollati/miniconda3/envs/nerfstudio/lib/python3.8/site-packages/nerfstudio/scripts/compl               
           etions/zsh/_ns-train.                                                                                        
[12:19:18] ✔ Nothing to do for                                                                            install.py:138
           /home/rbollati/miniconda3/envs/nerfstudio/lib/python3.8/site-packages/nerfstudio/scripts/compl               
           etions/zsh/_ns-eval.                                                                                         
           ✔ Nothing to do for                                                                            install.py:138
           /home/rbollati/miniconda3/envs/nerfstudio/lib/python3.8/site-packages/nerfstudio/scripts/compl               
           etions/zsh/_ns-viewer.                                                                                       
[12:19:19] ✔ Nothing to do for                                                                            install.py:138
           /home/rbollati/miniconda3/envs/nerfstudio/lib/python3.8/site-packages/nerfstudio/scripts/compl               
           etions/bash/_ns-viewer.                                                                                      
[12:19:21] ✔ Nothing to do for                                                                            install.py:138
           /home/rbollati/miniconda3/envs/nerfstudio/lib/python3.8/site-packages/nerfstudio/scripts/compl               
           etions/zsh/_ns-render.                                                                                       
           ✔ Nothing to do for                                                                            install.py:138
           /home/rbollati/miniconda3/envs/nerfstudio/lib/python3.8/site-packages/nerfstudio/scripts/compl               
           etions/bash/_ns-render.                                                                                      
           ✔ Nothing to do for                                                                            install.py:138
           /home/rbollati/miniconda3/envs/nerfstudio/lib/python3.8/site-packages/nerfstudio/scripts/compl               
           etions/zsh/_ns-export.                                                                                       
[12:19:22] ✔ Nothing to do for                                                                            install.py:138
           /home/rbollati/miniconda3/envs/nerfstudio/lib/python3.8/site-packages/nerfstudio/scripts/compl               
           etions/bash/_ns-train.                                                                                       
[12:19:25] ✔ Nothing to do for                                                                            install.py:138
           /home/rbollati/miniconda3/envs/nerfstudio/lib/python3.8/site-packages/nerfstudio/scripts/compl               
           etions/bash/_ns-export.                                                                                      
           🙆 Completions installed to /home/rbollati/miniconda3/envs/nerfstudio. Cool! Reactivate the    install.py:274
           environment to try them out.                                                                                 
All done!
starting training
